{
  "854110b638328ccf771e0ab42e204b5b" : {
    "statistic" : {
      "failed" : 2,
      "broken" : 5,
      "skipped" : 0,
      "passed" : 1,
      "unknown" : 0,
      "total" : 8
    },
    "items" : [ {
      "uid" : "75a00d5c7ce762f6",
      "status" : "passed",
      "time" : {
        "start" : 1579679317297,
        "stop" : 1579679325371,
        "duration" : 8074
      }
    }, {
      "uid" : "92e28f91fc6c0b73",
      "status" : "broken",
      "statusDetails" : "org.openqa.selenium.WebDriverException: start container: Error response from daemon: network qabattle-selenide_bridge not found (WARNING: The server did not provide any stacktrace information)\nCommand duration or timeout: 3.52 seconds\nBuild info: version: '3.141.59', revision: 'e82be7d358', time: '2018-11-14T08:17:03'\nSystem info: host: 'fv-az50', ip: '10.1.0.4', os.name: 'Linux', os.arch: 'amd64', os.version: '5.0.0-1028-azure', java.version: '1.8.0_242'\nDriver info: driver.version: SelenideDriver",
      "time" : {
        "start" : 1579679178273,
        "stop" : 1579679182855,
        "duration" : 4582
      }
    }, {
      "uid" : "a9f3fb2022b0aec8",
      "status" : "failed",
      "statusDetails" : "Element not found {#registrationContainer}\nExpected: visible\nTimeout: 1 s.\nCaused by: json.JsonException: Expected to read a START_MAP but instead have: END. Last 0 characters read:",
      "time" : {
        "start" : 1579678814347,
        "stop" : 1579678910554,
        "duration" : 96207
      }
    }, {
      "uid" : "a5ac37491819f461",
      "status" : "broken",
      "statusDetails" : "org.openqa.selenium.WebDriverException: start container: Error response from daemon: network qabattle_selenoid not found (WARNING: The server did not provide any stacktrace information)\nCommand duration or timeout: 3.57 seconds\nBuild info: version: '3.141.59', revision: 'e82be7d358', time: '2018-11-14T08:17:03'\nSystem info: host: 'fv-az89', ip: '10.1.0.4', os.name: 'Linux', os.arch: 'amd64', os.version: '5.0.0-1028-azure', java.version: '1.8.0_242'\nDriver info: driver.version: SelenideDriver",
      "time" : {
        "start" : 1579678558005,
        "stop" : 1579678562513,
        "duration" : 4508
      }
    }, {
      "uid" : "6551948c8c65e75e",
      "status" : "broken",
      "statusDetails" : "org.openqa.selenium.WebDriverException: start container: Error response from daemon: network qabattle-selenide_default not found (WARNING: The server did not provide any stacktrace information)\nCommand duration or timeout: 3.56 seconds\nBuild info: version: '3.141.59', revision: 'e82be7d358', time: '2018-11-14T08:17:03'\nSystem info: host: 'fv-az59', ip: '10.1.0.4', os.name: 'Linux', os.arch: 'amd64', os.version: '5.0.0-1028-azure', java.version: '1.8.0_242'\nDriver info: driver.version: SelenideDriver",
      "time" : {
        "start" : 1579677768050,
        "stop" : 1579677772557,
        "duration" : 4507
      }
    } ]
  },
  "b4fa34e00ba3754e3d6901ebc0f9aae" : {
    "statistic" : {
      "failed" : 0,
      "broken" : 7,
      "skipped" : 0,
      "passed" : 1,
      "unknown" : 0,
      "total" : 8
    },
    "items" : [ {
      "uid" : "b785080c60084c4a",
      "status" : "passed",
      "time" : {
        "start" : 1579679325511,
        "stop" : 1579679326232,
        "duration" : 721
      }
    }, {
      "uid" : "6b43dac1fba71c51",
      "status" : "broken",
      "statusDetails" : "org.openqa.selenium.WebDriverException: start container: Error response from daemon: network qabattle-selenide_bridge not found (WARNING: The server did not provide any stacktrace information)\nCommand duration or timeout: 46 milliseconds\nBuild info: version: '3.141.59', revision: 'e82be7d358', time: '2018-11-14T08:17:03'\nSystem info: host: 'fv-az50', ip: '10.1.0.4', os.name: 'Linux', os.arch: 'amd64', os.version: '5.0.0-1028-azure', java.version: '1.8.0_242'\nDriver info: driver.version: SelenideDriver",
      "time" : {
        "start" : 1579679183024,
        "stop" : 1579679183118,
        "duration" : 94
      }
    }, {
      "uid" : "33fdebb99e48be04",
      "status" : "broken",
      "statusDetails" : "An unknown error has occurred\nBuild info: version: '3.141.59', revision: 'e82be7d358', time: '2018-11-14T08:17:03'\nSystem info: host: 'fv-az59', ip: '10.1.0.4', os.name: 'Linux', os.arch: 'amd64', os.version: '5.0.0-1028-azure', java.version: '1.8.0_242'\nDriver info: org.openqa.selenium.remote.RemoteWebDriver\nselenide.url: http://qabattle:8080/\nCapabilities {acceptInsecureCerts: true, browserName: chrome, browserVersion: 79.0.3945.79, chrome: {chromedriverVersion: 79.0.3945.36 (3582db32b3389..., userDataDir: /tmp/.com.google.Chrome.8zvXH9}, goog:chromeOptions: {debuggerAddress: localhost:45649}, javascriptEnabled: true, networkConnectionEnabled: false, pageLoadStrategy: normal, platform: LINUX, platformName: LINUX, proxy: Proxy(), setWindowRect: true, strictFileInteractability: false, timeouts: {implicit: 0, pageLoad: 300000, script: 30000}, unhandledPromptBehavior: dismiss and notify}\nselenide.baseUrl: http://qabattle:8080\nSession ID: f9f0d26503c45b62b20200d50cff0cf5",
      "time" : {
        "start" : 1579678910685,
        "stop" : 1579678910717,
        "duration" : 32
      }
    }, {
      "uid" : "c4c828b52f9ab1f",
      "status" : "broken",
      "statusDetails" : "org.openqa.selenium.WebDriverException: start container: Error response from daemon: network qabattle_selenoid not found (WARNING: The server did not provide any stacktrace information)\nCommand duration or timeout: 35 milliseconds\nBuild info: version: '3.141.59', revision: 'e82be7d358', time: '2018-11-14T08:17:03'\nSystem info: host: 'fv-az89', ip: '10.1.0.4', os.name: 'Linux', os.arch: 'amd64', os.version: '5.0.0-1028-azure', java.version: '1.8.0_242'\nDriver info: driver.version: SelenideDriver",
      "time" : {
        "start" : 1579678562619,
        "stop" : 1579678562707,
        "duration" : 88
      }
    }, {
      "uid" : "d60c57761f260036",
      "status" : "broken",
      "statusDetails" : "org.openqa.selenium.WebDriverException: start container: Error response from daemon: network qabattle-selenide_default not found (WARNING: The server did not provide any stacktrace information)\nCommand duration or timeout: 47 milliseconds\nBuild info: version: '3.141.59', revision: 'e82be7d358', time: '2018-11-14T08:17:03'\nSystem info: host: 'fv-az59', ip: '10.1.0.4', os.name: 'Linux', os.arch: 'amd64', os.version: '5.0.0-1028-azure', java.version: '1.8.0_242'\nDriver info: driver.version: SelenideDriver",
      "time" : {
        "start" : 1579677772766,
        "stop" : 1579677772877,
        "duration" : 111
      }
    } ]
  }
}